  Bishop.cpp
  Board.cpp
  Console.cpp
C:\Users\Cyber_User\Documents\magshimim\ekronot\chess-program\chess_project\chess\Board.cpp(152,12): error C2039: 'isCheckOccurred': is not a member of 'Board'
      C:\Users\Cyber_User\Documents\magshimim\ekronot\chess-program\chess_project\chess\Board.h(8,7):
      see declaration of 'Board'
  
C:\Users\Cyber_User\Documents\magshimim\ekronot\chess-program\chess_project\chess\Board.cpp(152,12): error C2270: 'isCheckOccurred': modifiers not allowed on nonmember functions
  King.cpp
C:\Users\Cyber_User\Documents\magshimim\ekronot\chess-program\chess_project\chess\King.cpp(18,15): error C2065: 'stringTo': undeclared identifier
C:\Users\Cyber_User\Documents\magshimim\ekronot\chess-program\chess_project\chess\King.cpp(19,1): error C2143: syntax error: missing ';' before '}'
  Knight.cpp
C:\Users\Cyber_User\Documents\magshimim\ekronot\chess-program\chess_project\chess\Knight.cpp(6,18): error C2065: 'place': undeclared identifier
C:\Users\Cyber_User\Documents\magshimim\ekronot\chess-program\chess_project\chess\Knight.cpp(7,18): error C2065: 'place': undeclared identifier
C:\Users\Cyber_User\Documents\magshimim\ekronot\chess-program\chess_project\chess\Knight.cpp(9,18): error C2065: 'place': undeclared identifier
C:\Users\Cyber_User\Documents\magshimim\ekronot\chess-program\chess_project\chess\Knight.cpp(10,18): error C2065: 'place': undeclared identifier
C:\Users\Cyber_User\Documents\magshimim\ekronot\chess-program\chess_project\chess\Knight.cpp(14,27): error C2039: 'place': is not a member of 'Knight'
      C:\Users\Cyber_User\Documents\magshimim\ekronot\chess-program\chess_project\chess\Knight.h(4,7):
      see declaration of 'Knight'
  
C:\Users\Cyber_User\Documents\magshimim\ekronot\chess-program\chess_project\chess\Knight.cpp(16,29): error C2059: syntax error: '<'
C:\Users\Cyber_User\Documents\magshimim\ekronot\chess-program\chess_project\chess\Knight.cpp(18,13): error C2143: syntax error: missing ';' before '{'
C:\Users\Cyber_User\Documents\magshimim\ekronot\chess-program\chess_project\chess\Knight.cpp(21,13): error C2181: illegal else without matching if
C:\Users\Cyber_User\Documents\magshimim\ekronot\chess-program\chess_project\chess\Knight.cpp(24,13): error C2059: syntax error: '}'
  Pawn.cpp
  Piece.cpp
  Player.cpp
  Queen.cpp
  Rook.cpp
  Generating Code...
